[FAILED] Route=order-file-monitor-route, Error=No File Found in Source Endpoint, Time=2026-06-18 14:11:10[FAILED] Route=order-file-monitor-route, Error=No File Found in Source Endpoint, Time=2026-06-18 14:16:10==========================================
STATUS : FAILED
ROUTE  : order-file-monitor-route
ERROR  : No File Found in Source Endpoint
TIME   : 2026-06-18 14:20:11
        ====================================================================================
STATUS : FAILED
ROUTE  : order-file-monitor-route
ERROR  : No File Found in Source Endpoint
TIME   : 2026-06-18 14:25:11
        ====================================================================================
STATUS : FAILED
ROUTE  : order-file-monitor-route
ERROR  : No File Found in Source Endpoint
TIME   : 2026-06-18 14:30:11
        ====================================================================================
STATUS : FAILED
ROUTE  : order-file-monitor-route
ERROR  : No File Found in Source Endpoint
TIME   : 2026-06-18 14:35:11
        ====================================================================================
STATUS : FAILED
ROUTE  : order-file-monitor-route
ERROR  : No File Found in Source Endpoint
TIME   : 2026-06-18 15:29:01
        ====================================================================================
STATUS : FAILED
ROUTE  : order-file-monitor-route
ERROR  : No File Found in Source Endpoint
TIME   : 2026-06-23 17:22:54
        ==========================================